<?xml version="1.0" encoding="UTF-8"?>
<!-- Generated by org.testng.reporters.JUnitXMLReporter -->
<testsuite ignored="0" hostname="CHACKRAVARTHI" failures="0" tests="1" name="Banking App Test" time="1.781" errors="0" timestamp="29 Oct 2022 10:44:41 GMT">
  <testcase classname="com.inetbanking.testCases.BaseClass" name="@BeforeClass setup" time="1.497">
    <failure type="org.openqa.selenium.SessionNotCreatedException" message="session not created: This version of ChromeDriver only supports Chrome version 104
Current browser version is 107.0.5304.62 with binary path C:\Program Files\Google\Chrome\Application\chrome.exe
Build info: version: &amp;apos;3.14.0&amp;apos;, revision: &amp;apos;aacccce0&amp;apos;, time: &amp;apos;2018-08-02T20:19:58.91Z&amp;apos;
System info: host: &amp;apos;CHACKRAVARTHI&amp;apos;, ip: &amp;apos;192.168.137.1&amp;apos;, os.name: &amp;apos;Windows 10&amp;apos;, os.arch: &amp;apos;amd64&amp;apos;, os.version: &amp;apos;10.0&amp;apos;, java.version: &amp;apos;17.0.1&amp;apos;
Driver info: driver.version: ChromeDriver
remote stacktrace: Backtrace:
	Ordinal0 [0x010F78B3+2193587]
	Ordinal0 [0x01090681+1771137]
	Ordinal0 [0x00FA41A8+803240]
	Ordinal0 [0x00FC5CC3+941251]
	Ordinal0 [0x00FC13EF+922607]
	Ordinal0 [0x00FBEBC1+912321]
	Ordinal0 [0x00FF23B0+1123248]
	Ordinal0 [0x00FF200A+1122314]
	Ordinal0 [0x00FED5C6+1103302]
	Ordinal0 [0x00FC77E0+948192]
	Ordinal0 [0x00FC86E6+952038]
	GetHandleVerifier [0x013A0CB2+2738370]
	GetHandleVerifier [0x013921B8+2678216]
	GetHandleVerifier [0x011817AA+512954]
	GetHandleVerifier [0x01180856+509030]
	Ordinal0 [0x0109743B+1799227]
	Ordinal0 [0x0109BB68+1817448]
	Ordinal0 [0x0109BC55+1817685]
	Ordinal0 [0x010A5230+1856048]
	BaseThreadInitThunk [0x7674FA29+25]
	RtlGetAppContainerNamedObjectPath [0x77A57B5E+286]
	RtlGetAppContainerNamedObjectPath [0x77A57B2E+238]
">
      <![CDATA[org.openqa.selenium.SessionNotCreatedException: session not created: This version of ChromeDriver only supports Chrome version 104
Current browser version is 107.0.5304.62 with binary path C:\Program Files\Google\Chrome\Application\chrome.exe
Build info: version: '3.14.0', revision: 'aacccce0', time: '2018-08-02T20:19:58.91Z'
System info: host: 'CHACKRAVARTHI', ip: '192.168.137.1', os.name: 'Windows 10', os.arch: 'amd64', os.version: '10.0', java.version: '17.0.1'
Driver info: driver.version: ChromeDriver
remote stacktrace: Backtrace:
Ordinal0 [0x010F78B3+2193587]
Ordinal0 [0x01090681+1771137]
Ordinal0 [0x00FA41A8+803240]
Ordinal0 [0x00FC5CC3+941251]
Ordinal0 [0x00FC13EF+922607]
Ordinal0 [0x00FBEBC1+912321]
Ordinal0 [0x00FF23B0+1123248]
Ordinal0 [0x00FF200A+1122314]
Ordinal0 [0x00FED5C6+1103302]
Ordinal0 [0x00FC77E0+948192]
Ordinal0 [0x00FC86E6+952038]
GetHandleVerifier [0x013A0CB2+2738370]
GetHandleVerifier [0x013921B8+2678216]
GetHandleVerifier [0x011817AA+512954]
GetHandleVerifier [0x01180856+509030]
Ordinal0 [0x0109743B+1799227]
Ordinal0 [0x0109BB68+1817448]
Ordinal0 [0x0109BC55+1817685]
Ordinal0 [0x010A5230+1856048]
BaseThreadInitThunk [0x7674FA29+25]
RtlGetAppContainerNamedObjectPath [0x77A57B5E+286]
RtlGetAppContainerNamedObjectPath [0x77A57B2E+238]

at org.openqa.selenium.remote.W3CHandshakeResponse.lambda$new$0(W3CHandshakeResponse.java:57)
at org.openqa.selenium.remote.W3CHandshakeResponse.lambda$getResponseFunction$2(W3CHandshakeResponse.java:104)
at org.openqa.selenium.remote.ProtocolHandshake.lambda$createSession$0(ProtocolHandshake.java:122)
at java.base/java.util.stream.ReferencePipeline$3$1.accept(ReferencePipeline.java:197)
at java.base/java.util.Spliterators$ArraySpliterator.tryAdvance(Spliterators.java:1002)
at java.base/java.util.stream.ReferencePipeline.forEachWithCancel(ReferencePipeline.java:129)
at java.base/java.util.stream.AbstractPipeline.copyIntoWithCancel(AbstractPipeline.java:527)
at java.base/java.util.stream.AbstractPipeline.copyInto(AbstractPipeline.java:513)
at java.base/java.util.stream.AbstractPipeline.wrapAndCopyInto(AbstractPipeline.java:499)
at java.base/java.util.stream.FindOps$FindOp.evaluateSequential(FindOps.java:150)
at java.base/java.util.stream.AbstractPipeline.evaluate(AbstractPipeline.java:234)
at java.base/java.util.stream.ReferencePipeline.findFirst(ReferencePipeline.java:647)
at org.openqa.selenium.remote.ProtocolHandshake.createSession(ProtocolHandshake.java:125)
at org.openqa.selenium.remote.ProtocolHandshake.createSession(ProtocolHandshake.java:73)
at org.openqa.selenium.remote.HttpCommandExecutor.execute(HttpCommandExecutor.java:136)
at org.openqa.selenium.remote.service.DriverCommandExecutor.execute(DriverCommandExecutor.java:83)
at org.openqa.selenium.remote.RemoteWebDriver.execute(RemoteWebDriver.java:548)
at org.openqa.selenium.remote.RemoteWebDriver.startSession(RemoteWebDriver.java:212)
at org.openqa.selenium.remote.RemoteWebDriver.<init>(RemoteWebDriver.java:130)
at org.openqa.selenium.chrome.ChromeDriver.<init>(ChromeDriver.java:181)
at org.openqa.selenium.chrome.ChromeDriver.<init>(ChromeDriver.java:168)
at org.openqa.selenium.chrome.ChromeDriver.<init>(ChromeDriver.java:123)
at com.inetbanking.testCases.BaseClass.setup(BaseClass.java:40)
... Removed 34 stack frames]]>
    </failure>
  </testcase> <!-- @BeforeClass setup -->
  <testcase classname="com.inetbanking.testCases.BaseClass" name="@AfterClass tearDown" time="0.0">
    <skipped/>
  </testcase> <!-- @AfterClass tearDown -->
  <testcase classname="com.inetbanking.testCases.TC_LoginTest_001" name="loginTest" time="0.0">
    <skipped/>
  </testcase> <!-- loginTest -->
</testsuite> <!-- Banking App Test -->
